<?xml version="1.0" encoding="UTF-8"?>
<testng-results skipped="0" failed="0" ignored="0" total="1" passed="1">
  <reporter-output>
  </reporter-output>
  <suite name="Default suite" duration-ms="58292" started-at="2019-09-15T08:27:04 IST" finished-at="2019-09-15T08:28:03 IST">
    <groups>
    </groups>
    <test name="Default test" duration-ms="58292" started-at="2019-09-15T08:27:04 IST" finished-at="2019-09-15T08:28:03 IST">
      <class name="BasicSelenium.SeleniumClass1">
        <test-method status="PASS" signature="test1()[pri:0, instance:BasicSelenium.SeleniumClass1@63753b6d]" name="test1" duration-ms="58081" started-at="2019-09-15T08:27:05 IST" finished-at="2019-09-15T08:28:03 IST">
          <reporter-output>
          </reporter-output>
        </test-method> <!-- test1 -->
      </class> <!-- BasicSelenium.SeleniumClass1 -->
    </test> <!-- Default test -->
  </suite> <!-- Default suite -->
</testng-results>
