<?xml version="1.0" encoding="UTF-8"?>
<!-- Generated by org.testng.reporters.JUnitXMLReporter -->
<testsuite hostname="hp" ignored="1" name="Test" tests="2" failures="0" timestamp="2019-09-22T12:40:34 IST" time="0.127" errors="0">
  <testcase name="test2" time="0.024" classname="testAPIs.LearnGroups"/>
  <testcase name="test3" time="0.004" classname="testAPIs.LearnGroups"/>
  <testcase name="test1" time="0.0" classname="testAPIs.LearnGroups">
    <ignored/>
  </testcase> <!-- test1 -->
</testsuite> <!-- Test -->
