<?xml version="1.0" encoding="UTF-8"?>
<testng-results skipped="0" failed="0" ignored="0" total="3" passed="3">
  <reporter-output>
  </reporter-output>
  <suite name="Default suite" duration-ms="185" started-at="2019-09-07T08:36:58 IST" finished-at="2019-09-07T08:36:58 IST">
    <groups>
    </groups>
    <test name="Default test" duration-ms="185" started-at="2019-09-07T08:36:58 IST" finished-at="2019-09-07T08:36:58 IST">
      <class name="basicAnnotationsM1.Scenario2">
        <test-method status="PASS" signature="preScenario()[pri:0, instance:basicAnnotationsM1.Scenario2@3632be31]" name="preScenario" is-config="true" duration-ms="22" started-at="2019-09-07T08:36:58 IST" finished-at="2019-09-07T08:36:58 IST">
          <reporter-output>
          </reporter-output>
        </test-method> <!-- preScenario -->
        <test-method status="PASS" signature="testcaseprecondition()[pri:0, instance:basicAnnotationsM1.Scenario2@3632be31]" name="testcaseprecondition" is-config="true" duration-ms="2" started-at="2019-09-07T08:36:58 IST" finished-at="2019-09-07T08:36:58 IST">
          <reporter-output>
          </reporter-output>
        </test-method> <!-- testcaseprecondition -->
        <test-method status="PASS" signature="test1()[pri:0, instance:basicAnnotationsM1.Scenario2@3632be31]" name="test1" duration-ms="13" started-at="2019-09-07T08:36:58 IST" finished-at="2019-09-07T08:36:58 IST">
          <reporter-output>
          </reporter-output>
        </test-method> <!-- test1 -->
        <test-method status="PASS" signature="testcasepostcondition()[pri:0, instance:basicAnnotationsM1.Scenario2@3632be31]" name="testcasepostcondition" is-config="true" duration-ms="1" started-at="2019-09-07T08:36:58 IST" finished-at="2019-09-07T08:36:58 IST">
          <reporter-output>
          </reporter-output>
        </test-method> <!-- testcasepostcondition -->
        <test-method status="PASS" signature="testcaseprecondition()[pri:0, instance:basicAnnotationsM1.Scenario2@3632be31]" name="testcaseprecondition" is-config="true" duration-ms="1" started-at="2019-09-07T08:36:58 IST" finished-at="2019-09-07T08:36:58 IST">
          <reporter-output>
          </reporter-output>
        </test-method> <!-- testcaseprecondition -->
        <test-method status="PASS" signature="test2()[pri:0, instance:basicAnnotationsM1.Scenario2@3632be31]" name="test2" duration-ms="3" started-at="2019-09-07T08:36:58 IST" finished-at="2019-09-07T08:36:58 IST">
          <reporter-output>
          </reporter-output>
        </test-method> <!-- test2 -->
        <test-method status="PASS" signature="testcasepostcondition()[pri:0, instance:basicAnnotationsM1.Scenario2@3632be31]" name="testcasepostcondition" is-config="true" duration-ms="1" started-at="2019-09-07T08:36:58 IST" finished-at="2019-09-07T08:36:58 IST">
          <reporter-output>
          </reporter-output>
        </test-method> <!-- testcasepostcondition -->
        <test-method status="PASS" signature="testcaseprecondition()[pri:0, instance:basicAnnotationsM1.Scenario2@3632be31]" name="testcaseprecondition" is-config="true" duration-ms="1" started-at="2019-09-07T08:36:58 IST" finished-at="2019-09-07T08:36:58 IST">
          <reporter-output>
          </reporter-output>
        </test-method> <!-- testcaseprecondition -->
        <test-method status="PASS" signature="test3()[pri:0, instance:basicAnnotationsM1.Scenario2@3632be31]" name="test3" duration-ms="2" started-at="2019-09-07T08:36:58 IST" finished-at="2019-09-07T08:36:58 IST">
          <reporter-output>
          </reporter-output>
        </test-method> <!-- test3 -->
        <test-method status="PASS" signature="testcasepostcondition()[pri:0, instance:basicAnnotationsM1.Scenario2@3632be31]" name="testcasepostcondition" is-config="true" duration-ms="1" started-at="2019-09-07T08:36:58 IST" finished-at="2019-09-07T08:36:58 IST">
          <reporter-output>
          </reporter-output>
        </test-method> <!-- testcasepostcondition -->
        <test-method status="PASS" signature="postScenario()[pri:0, instance:basicAnnotationsM1.Scenario2@3632be31]" name="postScenario" is-config="true" duration-ms="8" started-at="2019-09-07T08:36:58 IST" finished-at="2019-09-07T08:36:58 IST">
          <reporter-output>
          </reporter-output>
        </test-method> <!-- postScenario -->
      </class> <!-- basicAnnotationsM1.Scenario2 -->
    </test> <!-- Default test -->
  </suite> <!-- Default suite -->
</testng-results>
