<?xml version="1.0" encoding="UTF-8"?>
<!-- Generated by org.testng.reporters.JUnitXMLReporter -->
<testsuite hostname="hp" ignored="0" name="Module 2" tests="6" failures="0" timestamp="2019-09-01T11:43:00 IST" time="0.234" errors="0">
  <testcase name="test1" time="0.015" classname="basicAnnotationM2.Scenario3"/>
  <testcase name="test2" time="0.015" classname="basicAnnotationM2.Scenario3"/>
  <testcase name="test3" time="0.016" classname="basicAnnotationM2.Scenario3"/>
  <testcase name="test1" time="0.016" classname="basicAnnotationM2.Scenario4"/>
  <testcase name="test2" time="0.015" classname="basicAnnotationM2.Scenario4"/>
  <testcase name="test3" time="0.0" classname="basicAnnotationM2.Scenario4"/>
</testsuite> <!-- Module 2 -->
