<?xml version="1.0" encoding="UTF-8"?>
<!-- Generated by org.testng.reporters.JUnitXMLReporter -->
<testsuite hostname="hp" ignored="0" name="Module 3" tests="6" failures="0" timestamp="2019-09-01T11:43:01 IST" time="0.094" errors="0">
  <testcase name="test1" time="0.0" classname="basicAnnotationM3.Scenario5"/>
  <testcase name="test2" time="0.0" classname="basicAnnotationM3.Scenario5"/>
  <testcase name="test3" time="0.0" classname="basicAnnotationM3.Scenario5"/>
  <testcase name="test1" time="0.0" classname="basicAnnotationM3.Scenario6"/>
  <testcase name="test2" time="0.0" classname="basicAnnotationM3.Scenario6"/>
  <testcase name="test3" time="0.0" classname="basicAnnotationM3.Scenario6"/>
</testsuite> <!-- Module 3 -->
