<?xml version="1.0" encoding="UTF-8"?>
<!-- Generated by org.testng.reporters.JUnitXMLReporter -->
<testsuite hostname="hp" ignored="0" name="Test" tests="6" failures="0" timestamp="2019-09-01T11:11:35 IST" time="0.173" errors="0">
  <testcase name="test1" time="0.015" classname="basicAnnotationsM1.Scenario1"/>
  <testcase name="test2" time="0.0" classname="basicAnnotationsM1.Scenario1"/>
  <testcase name="test3" time="0.016" classname="basicAnnotationsM1.Scenario1"/>
  <testcase name="test1" time="0.0" classname="basicAnnotationsM1.Scenario2"/>
  <testcase name="test2" time="0.016" classname="basicAnnotationsM1.Scenario2"/>
  <testcase name="test3" time="0.0" classname="basicAnnotationsM1.Scenario2"/>
</testsuite> <!-- Test -->
