<?xml version="1.0" encoding="UTF-8"?>
<testng-results skipped="0" failed="0" ignored="0" total="1" passed="1">
  <reporter-output>
  </reporter-output>
  <suite name="Default suite" duration-ms="9578" started-at="2019-09-22T13:11:20 IST" finished-at="2019-09-22T13:11:30 IST">
    <groups>
    </groups>
    <test name="Default test" duration-ms="9578" started-at="2019-09-22T13:11:20 IST" finished-at="2019-09-22T13:11:30 IST">
      <class name="testAPIs.CreateRecord">
        <test-method status="PASS" signature="test1()[pri:0, instance:testAPIs.CreateRecord@3dd4520b]" name="test1" duration-ms="9489" started-at="2019-09-22T13:11:20 IST" finished-at="2019-09-22T13:11:30 IST">
          <reporter-output>
          </reporter-output>
        </test-method> <!-- test1 -->
      </class> <!-- testAPIs.CreateRecord -->
    </test> <!-- Default test -->
  </suite> <!-- Default suite -->
</testng-results>
