<?xml version="1.0" encoding="UTF-8"?>
<!-- Generated by org.testng.reporters.JUnitXMLReporter -->
<testsuite hostname="hp" ignored="0" name="Default test" tests="3" failures="0" timestamp="2019-09-07T08:36:58 IST" time="0.185" errors="0">
  <testcase name="test1" time="0.013" classname="basicAnnotationsM1.Scenario2"/>
  <testcase name="test2" time="0.003" classname="basicAnnotationsM1.Scenario2"/>
  <testcase name="test3" time="0.002" classname="basicAnnotationsM1.Scenario2"/>
</testsuite> <!-- Default test -->
